e:\c++\c++\cppwindowshook\release\cppwindowshook.pch
e:\c++\c++\cppwindowshook\release\vc141.pdb
e:\c++\c++\cppwindowshook\release\stdafx.obj
e:\c++\c++\cppwindowshook\release\cppwindowshookdlg.obj
e:\c++\c++\cppwindowshook\release\cppwindowshook.obj
e:\c++\c++\release\cppwindowshook.ipdb
e:\c++\c++\release\cppwindowshook.iobj
e:\c++\c++\cppwindowshook\release\vcpkg.applocal.log
e:\c++\c++\release\libeay32.dll
e:\c++\c++\release\cppwindowshook.exe
e:\c++\c++\release\cppwindowshook.pdb
e:\c++\c++\cppwindowshook\release\cppwindowshook1.res
e:\c++\c++\cppwindowshook\release\cppwindowshook.res
e:\c++\c++\cppwindowshook\release\cppwindowshook.tlog\cl.command.1.tlog
e:\c++\c++\cppwindowshook\release\cppwindowshook.tlog\cl.read.1.tlog
e:\c++\c++\cppwindowshook\release\cppwindowshook.tlog\cl.write.1.tlog
e:\c++\c++\cppwindowshook\release\cppwindowshook.tlog\cppwindowshook.write.1u.tlog
e:\c++\c++\cppwindowshook\release\cppwindowshook.tlog\link.command.1.tlog
e:\c++\c++\cppwindowshook\release\cppwindowshook.tlog\link.read.1.tlog
e:\c++\c++\cppwindowshook\release\cppwindowshook.tlog\link.write.1.tlog
e:\c++\c++\cppwindowshook\release\cppwindowshook.tlog\rc.command.1.tlog
e:\c++\c++\cppwindowshook\release\cppwindowshook.tlog\rc.read.1.tlog
e:\c++\c++\cppwindowshook\release\cppwindowshook.tlog\rc.write.1.tlog
